<?xml version="1.0" encoding="UTF-8"?>
<!-- Generated by org.testng.reporters.JUnitReportReporter -->
<testsuite hostname="ADAASORA" failures="0" tests="4" name="testsuite.Module2" time="0.026" errors="0" timestamp="2025-06-12T12:37:25 CDT" skipped="0">
  <testcase classname="testsuite.Module2" name="test005" time="0.004"/>
  <testcase classname="testsuite.Module2" name="login" time="0.017"/>
  <testcase classname="testsuite.Module2" name="login" time="0.003"/>
  <testcase classname="testsuite.Module2" name="test006" time="0.002"/>
</testsuite> <!-- testsuite.Module2 -->
