<?xml version="1.0" encoding="UTF-8"?>
<!-- Generated by org.testng.reporters.JUnitReportReporter -->
<testsuite hostname="ADAASORA" failures="0" tests="2" name="TestRunner.Runner" time="8.797" errors="0" timestamp="2025-07-19T16:19:20 CDT" skipped="0">
  <testcase classname="TestRunner.Runner" name="runScenario" time="4.573"/>
  <testcase classname="TestRunner.Runner" name="runScenario" time="4.224"/>
</testsuite> <!-- TestRunner.Runner -->
