<?xml version="1.0" encoding="UTF-8"?>
<!-- Generated by org.testng.reporters.JUnitReportReporter -->
<testsuite hostname="ADAASORA" failures="0" tests="8" name="testsuite.Module2" time="0.008" errors="0" timestamp="2025-06-11T22:57:37 CDT" skipped="0">
  <testcase classname="testsuite.Module2" name="login" time="0.001"/>
  <testcase classname="testsuite.Module2" name="login" time="0.000"/>
  <testcase classname="testsuite.Module2" name="login" time="0.001"/>
  <testcase classname="testsuite.Module2" name="test005" time="0.001"/>
  <testcase classname="testsuite.Module2" name="login" time="0.004"/>
  <testcase classname="testsuite.Module2" name="test006" time="0.000"/>
  <testcase classname="testsuite.Module2" name="test006" time="0.001"/>
  <testcase classname="testsuite.Module2" name="test005" time="0.000"/>
</testsuite> <!-- testsuite.Module2 -->
