<?xml version="1.0" encoding="UTF-8"?>
<!-- Generated by org.testng.reporters.JUnitReportReporter -->
<testsuite hostname="ADAASORA" failures="0" tests="2" name="testsuite.Module1" time="0.005" errors="0" timestamp="2025-06-11T22:29:05 CDT" skipped="0">
  <testcase classname="testsuite.Module1" name="test003" time="0.005"/>
  <testcase classname="testsuite.Module1" name="test003" time="0.000"/>
</testsuite> <!-- testsuite.Module1 -->
